<?xml version="1.0" encoding="UTF-8"?>
<testng-results ignored="0" total="1" passed="1" failed="0" skipped="0">
  <reporter-output>
  </reporter-output>
  <suite started-at="2025-02-10T19:29:54 EST" name="Default Suite" finished-at="2025-02-10T19:30:01 EST" duration-ms="7699">
    <groups>
    </groups>
    <test started-at="2025-02-10T19:29:54 EST" name="SeleniumTestNGAutomation" finished-at="2025-02-10T19:30:01 EST" duration-ms="7699">
      <class name="tests.HomePageTest">
        <test-method is-config="true" signature="setUp()[pri:0, instance:tests.HomePageTest@4c9f8c13]" started-at="2025-02-10T19:29:54 EST" name="setUp" finished-at="2025-02-10T19:29:57 EST" duration-ms="3177" status="PASS">
          <reporter-output>
          </reporter-output>
        </test-method> <!-- setUp -->
        <test-method is-config="true" signature="initialize()[pri:0, instance:tests.HomePageTest@4c9f8c13]" started-at="2025-02-10T19:29:57 EST" name="initialize" finished-at="2025-02-10T19:29:57 EST" duration-ms="2" status="PASS">
          <reporter-output>
          </reporter-output>
        </test-method> <!-- initialize -->
        <test-method signature="registerLinkTest()[pri:0, instance:tests.HomePageTest@4c9f8c13]" started-at="2025-02-10T19:29:57 EST" name="registerLinkTest" finished-at="2025-02-10T19:30:01 EST" duration-ms="4316" status="PASS">
          <reporter-output>
          </reporter-output>
        </test-method> <!-- registerLinkTest -->
        <test-method is-config="true" signature="tearDown()[pri:0, instance:tests.HomePageTest@4c9f8c13]" started-at="2025-02-10T19:30:01 EST" name="tearDown" finished-at="2025-02-10T19:30:01 EST" duration-ms="175" status="PASS">
          <reporter-output>
          </reporter-output>
        </test-method> <!-- tearDown -->
      </class> <!-- tests.HomePageTest -->
    </test> <!-- SeleniumTestNGAutomation -->
  </suite> <!-- Default Suite -->
</testng-results>
